<?xml version="1.0" encoding="UTF-8"?>
<!-- Generated by org.testng.reporters.JUnitReportReporter -->
<testsuite hostname="Mac.lan" failures="0" tests="1" name="sameerakhtar.tests.HillClimbRacingTest" time="68.866" errors="0" timestamp="2025-03-26T03:34:26 IST" skipped="0">
  <testcase classname="sameerakhtar.tests.HillClimbRacingTest" name="HillClimbRacing_LauchGameplay" time="68.866"/>
</testsuite> <!-- sameerakhtar.tests.HillClimbRacingTest -->
