<?xml version="1.0" encoding="UTF-8"?>
<!-- Generated by org.testng.reporters.JUnitReportReporter -->
<testsuite hostname="Mac.lan" failures="0" tests="1" name="sameerakhtar.tests.HillClimbRacingTest" time="100.817" errors="0" timestamp="2025-03-27T03:27:03 IST" skipped="0">
  <testcase classname="sameerakhtar.tests.HillClimbRacingTest" name="HillClimbRacing_LauchGameplay" time="100.817"/>
</testsuite> <!-- sameerakhtar.tests.HillClimbRacingTest -->
