<?xml version="1.0" encoding="UTF-8"?>
<!-- Generated by org.testng.reporters.JUnitReportReporter -->
<testsuite hostname="Mac.lan" failures="0" tests="1" name="sameerakhtar.tests.ClashOfClansTest" time="64.570" errors="0" timestamp="2025-03-26T03:38:36 IST" skipped="0">
  <testcase classname="sameerakhtar.tests.ClashOfClansTest" name="ClashOfClans_LauchGameplay" time="64.570"/>
</testsuite> <!-- sameerakhtar.tests.ClashOfClansTest -->
